# JRE version: OpenJDK Runtime Environment Temurin-21.0.8+9 (21.0.8+9) (build 21.0.8+9-LTS)
# Java VM: OpenJDK 64-Bit Server VM Temurin-21.0.8+9 (21.0.8+9-LTS, mixed mode, sharing, tiered, compressed oops, compressed class ptrs, g1 gc, windows-amd64)
GC Precious Log:
 CardTable entry size: 512
 Card Set container configuration: InlinePtr #cards 4 size 8 Array Of Cards #cards 16 size 48 Howl #buckets 8 coarsen threshold 3686 Howl Bitmap #cards 512 size 80 coarsen threshold 460 Card regions per heap region 1 cards per card region 4096
 CPUs: 20 total, 20 available
 Memory: 16091M
 Large Page Support: Disabled
 NUMA Support: Disabled
 Compressed Oops: Enabled (Zero based)
 Heap Region Size: 2M
 Heap Min Capacity: 8M
 Heap Initial Capacity: 252M
 Heap Max Capacity: 4024M
 Pre-touch: Disabled
 Parallel Workers: 15
 Concurrent Workers: 4
 Concurrent Refinement Workers: 15
 Periodic GC: Disabled
Heap:
 garbage-first heap   total 159744K, used 41670K [0x0000000704800000, 0x0000000800000000)
  region size 2048K, 13 young (26624K), 2 survivors (4096K)
 Metaspace       used 44758K, committed 45440K, reserved 1114112K
  class space    used 5978K, committed 6272K, reserved 1048576K
GC Heap History (14 events):
Event: 0.335 GC heap before
{Heap before GC invocations=0 (full 0):
 garbage-first heap   total 258048K, used 20480K [0x0000000704800000, 0x0000000800000000)
  region size 2048K, 11 young (22528K), 0 survivors (0K)
 Metaspace       used 5864K, committed 6144K, reserved 1114112K
  class space    used 708K, committed 832K, reserved 1048576K
}
Event: 0.338 GC heap after
{Heap after GC invocations=1 (full 0):
 garbage-first heap   total 258048K, used 5395K [0x0000000704800000, 0x0000000800000000)
  region size 2048K, 2 young (4096K), 2 survivors (4096K)
 Metaspace       used 5864K, committed 6144K, reserved 1114112K
  class space    used 708K, committed 832K, reserved 1048576K
}
Event: 0.630 GC heap before
{Heap before GC invocations=1 (full 0):
 garbage-first heap   total 258048K, used 34067K [0x0000000704800000, 0x0000000800000000)
  region size 2048K, 17 young (34816K), 2 survivors (4096K)
 Metaspace       used 13884K, committed 14208K, reserved 1114112K
  class space    used 1744K, committed 1920K, reserved 1048576K
}
Event: 0.633 GC heap after
{Heap after GC invocations=2 (full 0):
 garbage-first heap   total 258048K, used 8028K [0x0000000704800000, 0x0000000800000000)
  region size 2048K, 2 young (4096K), 2 survivors (4096K)
 Metaspace       used 13884K, committed 14208K, reserved 1114112K
  class space    used 1744K, committed 1920K, reserved 1048576K
}
Event: 1.195 GC heap before
{Heap before GC invocations=2 (full 0):
 garbage-first heap   total 258048K, used 48988K [0x0000000704800000, 0x0000000800000000)
  region size 2048K, 24 young (49152K), 2 survivors (4096K)
 Metaspace       used 21139K, committed 21504K, reserved 1114112K
  class space    used 2657K, committed 2816K, reserved 1048576K
}
Event: 1.198 GC heap after
{Heap after GC invocations=3 (full 0):
 garbage-first heap   total 258048K, used 12007K [0x0000000704800000, 0x0000000800000000)
  region size 2048K, 4 young (8192K), 4 survivors (8192K)
 Metaspace       used 21139K, committed 21504K, reserved 1114112K
  class space    used 2657K, committed 2816K, reserved 1048576K
}
Event: 1.677 GC heap before
{Heap before GC invocations=4 (full 0):
 garbage-first heap   total 49152K, used 46823K [0x0000000704800000, 0x0000000800000000)
  region size 2048K, 21 young (43008K), 4 survivors (8192K)
 Metaspace       used 28703K, committed 29184K, reserved 1114112K
  class space    used 3714K, committed 3904K, reserved 1048576K
}
Event: 1.682 GC heap after
{Heap after GC invocations=5 (full 0):
 garbage-first heap   total 59392K, used 15466K [0x0000000704800000, 0x0000000800000000)
  region size 2048K, 5 young (10240K), 5 survivors (10240K)
 Metaspace       used 28703K, committed 29184K, reserved 1114112K
  class space    used 3714K, committed 3904K, reserved 1048576K
}
Event: 1.941 GC heap before
{Heap before GC invocations=5 (full 0):
 garbage-first heap   total 59392K, used 37994K [0x0000000704800000, 0x0000000800000000)
  region size 2048K, 17 young (34816K), 5 survivors (10240K)
 Metaspace       used 33618K, committed 34112K, reserved 1114112K
  class space    used 4447K, committed 4672K, reserved 1048576K
}
Event: 1.947 GC heap after
{Heap after GC invocations=6 (full 0):
 garbage-first heap   total 59392K, used 18040K [0x0000000704800000, 0x0000000800000000)
  region size 2048K, 2 young (4096K), 2 survivors (4096K)
 Metaspace       used 33618K, committed 34112K, reserved 1114112K
  class space    used 4447K, committed 4672K, reserved 1048576K
}
Event: 2.105 GC heap before
{Heap before GC invocations=6 (full 0):
 garbage-first heap   total 59392K, used 28280K [0x0000000704800000, 0x0000000800000000)
  region size 2048K, 8 young (16384K), 2 survivors (4096K)
 Metaspace       used 35444K, committed 35968K, reserved 1114112K
  class space    used 4735K, committed 4992K, reserved 1048576K
}
Event: 2.107 GC heap after
{Heap after GC invocations=7 (full 0):
 garbage-first heap   total 59392K, used 18647K [0x0000000704800000, 0x0000000800000000)
  region size 2048K, 2 young (4096K), 2 survivors (4096K)
 Metaspace       used 35444K, committed 35968K, reserved 1114112K
  class space    used 4735K, committed 4992K, reserved 1048576K
}
Event: 12.568 GC heap before
{Heap before GC invocations=8 (full 0):
 garbage-first heap   total 59392K, used 47319K [0x0000000704800000, 0x0000000800000000)
  region size 2048K, 16 young (32768K), 2 survivors (4096K)
 Metaspace       used 40687K, committed 41344K, reserved 1114112K
  class space    used 5467K, committed 5760K, reserved 1048576K
}
Event: 12.572 GC heap after
{Heap after GC invocations=9 (full 0):
 garbage-first heap   total 159744K, used 21190K [0x0000000704800000, 0x0000000800000000)
  region size 2048K, 2 young (4096K), 2 survivors (4096K)
 Metaspace       used 40687K, committed 41344K, reserved 1114112K
  class space    used 5467K, committed 5760K, reserved 1048576K
}

