# JRE version: OpenJDK Runtime Environment Temurin-21.0.8+9 (21.0.8+9) (build 21.0.8+9-LTS)
# Java VM: OpenJDK 64-Bit Server VM Temurin-21.0.8+9 (21.0.8+9-LTS, mixed mode, sharing, tiered, compressed oops, compressed class ptrs, g1 gc, windows-amd64)
GC Precious Log:
 CardTable entry size: 512
 Card Set container configuration: InlinePtr #cards 4 size 8 Array Of Cards #cards 16 size 48 Howl #buckets 8 coarsen threshold 3686 Howl Bitmap #cards 512 size 80 coarsen threshold 460 Card regions per heap region 1 cards per card region 4096
 CPUs: 20 total, 20 available
 Memory: 16091M
 Large Page Support: Disabled
 NUMA Support: Disabled
 Compressed Oops: Enabled (Zero based)
 Heap Region Size: 2M
 Heap Min Capacity: 8M
 Heap Initial Capacity: 252M
 Heap Max Capacity: 4024M
 Pre-touch: Disabled
 Parallel Workers: 15
 Concurrent Workers: 4
 Concurrent Refinement Workers: 15
 Periodic GC: Disabled
Heap:
 garbage-first heap   total 77824K, used 49358K [0x0000000704800000, 0x0000000800000000)
  region size 2048K, 18 young (36864K), 4 survivors (8192K)
 Metaspace       used 47178K, committed 47808K, reserved 1114112K
  class space    used 6238K, committed 6528K, reserved 1048576K
GC Heap History (14 events):
Event: 0.512 GC heap before
{Heap before GC invocations=0 (full 0):
 garbage-first heap   total 258048K, used 20480K [0x0000000704800000, 0x0000000800000000)
  region size 2048K, 11 young (22528K), 0 survivors (0K)
 Metaspace       used 5858K, committed 6080K, reserved 1114112K
  class space    used 708K, committed 832K, reserved 1048576K
}
Event: 0.516 GC heap after
{Heap after GC invocations=1 (full 0):
 garbage-first heap   total 258048K, used 5276K [0x0000000704800000, 0x0000000800000000)
  region size 2048K, 2 young (4096K), 2 survivors (4096K)
 Metaspace       used 5858K, committed 6080K, reserved 1114112K
  class space    used 708K, committed 832K, reserved 1048576K
}
Event: 0.881 GC heap before
{Heap before GC invocations=1 (full 0):
 garbage-first heap   total 258048K, used 35996K [0x0000000704800000, 0x0000000800000000)
  region size 2048K, 17 young (34816K), 2 survivors (4096K)
 Metaspace       used 13699K, committed 14016K, reserved 1114112K
  class space    used 1730K, committed 1856K, reserved 1048576K
}
Event: 0.885 GC heap after
{Heap after GC invocations=2 (full 0):
 garbage-first heap   total 258048K, used 8019K [0x0000000704800000, 0x0000000800000000)
  region size 2048K, 2 young (4096K), 2 survivors (4096K)
 Metaspace       used 13699K, committed 14016K, reserved 1114112K
  class space    used 1730K, committed 1856K, reserved 1048576K
}
Event: 1.829 GC heap before
{Heap before GC invocations=2 (full 0):
 garbage-first heap   total 258048K, used 48979K [0x0000000704800000, 0x0000000800000000)
  region size 2048K, 24 young (49152K), 2 survivors (4096K)
 Metaspace       used 21160K, committed 21504K, reserved 1114112K
  class space    used 2665K, committed 2816K, reserved 1048576K
}
Event: 1.833 GC heap after
{Heap after GC invocations=3 (full 0):
 garbage-first heap   total 258048K, used 12361K [0x0000000704800000, 0x0000000800000000)
  region size 2048K, 4 young (8192K), 4 survivors (8192K)
 Metaspace       used 21160K, committed 21504K, reserved 1114112K
  class space    used 2665K, committed 2816K, reserved 1048576K
}
Event: 2.400 GC heap before
{Heap before GC invocations=4 (full 0):
 garbage-first heap   total 49152K, used 47177K [0x0000000704800000, 0x0000000800000000)
  region size 2048K, 21 young (43008K), 4 survivors (8192K)
 Metaspace       used 28502K, committed 28992K, reserved 1114112K
  class space    used 3694K, committed 3904K, reserved 1048576K
}
Event: 2.406 GC heap after
{Heap after GC invocations=5 (full 0):
 garbage-first heap   total 59392K, used 15587K [0x0000000704800000, 0x0000000800000000)
  region size 2048K, 5 young (10240K), 5 survivors (10240K)
 Metaspace       used 28502K, committed 28992K, reserved 1114112K
  class space    used 3694K, committed 3904K, reserved 1048576K
}
Event: 2.711 GC heap before
{Heap before GC invocations=5 (full 0):
 garbage-first heap   total 59392K, used 40163K [0x0000000704800000, 0x0000000800000000)
  region size 2048K, 17 young (34816K), 5 survivors (10240K)
 Metaspace       used 33676K, committed 34240K, reserved 1114112K
  class space    used 4462K, committed 4672K, reserved 1048576K
}
Event: 2.718 GC heap after
{Heap after GC invocations=6 (full 0):
 garbage-first heap   total 59392K, used 17545K [0x0000000704800000, 0x0000000800000000)
  region size 2048K, 2 young (4096K), 2 survivors (4096K)
 Metaspace       used 33676K, committed 34240K, reserved 1114112K
  class space    used 4462K, committed 4672K, reserved 1048576K
}
Event: 2.845 GC heap before
{Heap before GC invocations=6 (full 0):
 garbage-first heap   total 59392K, used 25737K [0x0000000704800000, 0x0000000800000000)
  region size 2048K, 7 young (14336K), 2 survivors (4096K)
 Metaspace       used 35416K, committed 35968K, reserved 1114112K
  class space    used 4722K, committed 4992K, reserved 1048576K
}
Event: 2.848 GC heap after
{Heap after GC invocations=7 (full 0):
 garbage-first heap   total 159744K, used 18149K [0x0000000704800000, 0x0000000800000000)
  region size 2048K, 2 young (4096K), 2 survivors (4096K)
 Metaspace       used 35416K, committed 35968K, reserved 1114112K
  class space    used 4722K, committed 4992K, reserved 1048576K
}
Event: 134.253 GC heap before
{Heap before GC invocations=8 (full 0):
 garbage-first heap   total 69632K, used 67301K [0x0000000704800000, 0x0000000800000000)
  region size 2048K, 26 young (53248K), 2 survivors (4096K)
 Metaspace       used 45248K, committed 45952K, reserved 1114112K
  class space    used 6149K, committed 6464K, reserved 1048576K
}
Event: 134.257 GC heap after
{Heap after GC invocations=9 (full 0):
 garbage-first heap   total 77824K, used 22734K [0x0000000704800000, 0x0000000800000000)
  region size 2048K, 4 young (8192K), 4 survivors (8192K)
 Metaspace       used 45248K, committed 45952K, reserved 1114112K
  class space    used 6149K, committed 6464K, reserved 1048576K
}

